<?xml version="1.0" encoding="UTF-8"?>
<!-- Generated by org.testng.reporters.JUnitXMLReporter -->
<testsuite ignored="0" hostname="LAPTOP-LP64PCIC" failures="0" tests="8" name="Default test" time="4.316" errors="0" timestamp="2021-07-05T19:24:51 IST">
  <testcase classname="TestNG.TestNGBasics" name="getTitleTest" time="0.02"/>
  <testcase classname="TestNG.TestNGBasics" name="iAmFeeling" time="0.117"/>
  <testcase classname="TestNG.TestNGBasics" name="iAmFeeling" time="0.058"/>
  <testcase classname="TestNG.TestNGBasics" name="iAmFeeling" time="0.049"/>
  <testcase classname="TestNG.TestNGBasics" name="checkLogoVisible" time="0.065"/>
  <testcase classname="TestNG.TestNGBasics" name="gmailLink" time="0.057"/>
  <testcase classname="TestNG.TestNGBasics" name="checkSearchBox" time="0.046"/>
  <testcase classname="TestNG.TestNGBasics" name="checkSearchButton" time="0.053"/>
</testsuite> <!-- Default test -->
