<?xml version="1.0" encoding="UTF-8"?>
<testng-results ignored="0" total="8" passed="8" failed="0" skipped="0">
  <reporter-output>
  </reporter-output>
  <suite started-at="2021-07-05T19:24:47 IST" name="Default suite" finished-at="2021-07-05T19:24:51 IST" duration-ms="4316">
    <groups>
    </groups>
    <test started-at="2021-07-05T19:24:47 IST" name="Default test" finished-at="2021-07-05T19:24:51 IST" duration-ms="4316">
      <class name="TestNG.TestNGBasics">
        <test-method is-config="true" signature="SetUp()[pri:0, instance:TestNG.TestNGBasics@6babf3bf]" started-at="2021-07-05T19:24:47 IST" name="SetUp" finished-at="2021-07-05T19:24:49 IST" duration-ms="2711" status="PASS">
          <reporter-output>
          </reporter-output>
        </test-method> <!-- SetUp -->
        <test-method signature="getTitleTest()[pri:0, instance:TestNG.TestNGBasics@6babf3bf]" started-at="2021-07-05T19:24:49 IST" name="getTitleTest" finished-at="2021-07-05T19:24:49 IST" duration-ms="20" status="PASS">
          <reporter-output>
          </reporter-output>
        </test-method> <!-- getTitleTest -->
        <test-method signature="iAmFeeling()[pri:0, instance:TestNG.TestNGBasics@6babf3bf]" started-at="2021-07-05T19:24:49 IST" name="iAmFeeling" finished-at="2021-07-05T19:24:50 IST" duration-ms="117" status="PASS">
          <reporter-output>
          </reporter-output>
        </test-method> <!-- iAmFeeling -->
        <test-method signature="iAmFeeling()[pri:0, instance:TestNG.TestNGBasics@6babf3bf]" started-at="2021-07-05T19:24:50 IST" name="iAmFeeling" finished-at="2021-07-05T19:24:50 IST" duration-ms="58" status="PASS">
          <reporter-output>
          </reporter-output>
        </test-method> <!-- iAmFeeling -->
        <test-method signature="iAmFeeling()[pri:0, instance:TestNG.TestNGBasics@6babf3bf]" started-at="2021-07-05T19:24:50 IST" name="iAmFeeling" finished-at="2021-07-05T19:24:50 IST" duration-ms="49" status="PASS">
          <reporter-output>
          </reporter-output>
        </test-method> <!-- iAmFeeling -->
        <test-method signature="checkLogoVisible()[pri:1, instance:TestNG.TestNGBasics@6babf3bf]" started-at="2021-07-05T19:24:50 IST" name="checkLogoVisible" finished-at="2021-07-05T19:24:50 IST" duration-ms="65" status="PASS">
          <reporter-output>
          </reporter-output>
        </test-method> <!-- checkLogoVisible -->
        <test-method signature="gmailLink()[pri:2, instance:TestNG.TestNGBasics@6babf3bf]" started-at="2021-07-05T19:24:50 IST" name="gmailLink" finished-at="2021-07-05T19:24:50 IST" duration-ms="57" status="PASS">
          <reporter-output>
          </reporter-output>
        </test-method> <!-- gmailLink -->
        <test-method signature="checkSearchBox()[pri:3, instance:TestNG.TestNGBasics@6babf3bf]" started-at="2021-07-05T19:24:50 IST" name="checkSearchBox" finished-at="2021-07-05T19:24:50 IST" duration-ms="46" status="PASS">
          <reporter-output>
          </reporter-output>
        </test-method> <!-- checkSearchBox -->
        <test-method signature="checkSearchButton()[pri:4, instance:TestNG.TestNGBasics@6babf3bf]" started-at="2021-07-05T19:24:50 IST" name="checkSearchButton" finished-at="2021-07-05T19:24:50 IST" duration-ms="53" status="PASS">
          <reporter-output>
          </reporter-output>
        </test-method> <!-- checkSearchButton -->
        <test-method is-config="true" signature="teardown()[pri:0, instance:TestNG.TestNGBasics@6babf3bf]" started-at="2021-07-05T19:24:50 IST" name="teardown" finished-at="2021-07-05T19:24:51 IST" duration-ms="1064" status="PASS">
          <reporter-output>
          </reporter-output>
        </test-method> <!-- teardown -->
      </class> <!-- TestNG.TestNGBasics -->
    </test> <!-- Default test -->
  </suite> <!-- Default suite -->
</testng-results>
